Flow report for Conv
Sun Nov 14 12:15:20 2021
Quartus II Version 9.1 Build 350 03/24/2010 Service Pack 2 SJ Web Edition


---------------------
; Table of Contents ;
---------------------
  1. EDA Netlist Writer Summary
  2. EDA Netlist Writer Summary
  3. Legal Notice
  4. Flow Summary
  5. Flow Settings
  6. Flow Non-Default Global Settings
  7. Flow Elapsed Time
  8. Flow OS Summary
  9. Flow Log



+---------------------------------------------------------------+
; EDA Netlist Writer Summary                                    ;
+---------------------------+-----------------------------------+
; EDA Netlist Writer Status ; Failed - Sun Nov 14 12:15:20 2021 ;
; Revision Name             ; Conv                              ;
; Top-level Entity Name     ; Conv                              ;
; Family                    ; Arria II GX                       ;
; Simulation Files Creation ; Failed                            ;
+---------------------------+-----------------------------------+


+----------------------------------------------------------------------------------+
; EDA Netlist Writer Summary                                                       ;
+---------------------------+------------------------------------------------------+
; EDA Netlist Writer Status ; Failed - Sun Nov 14 12:12:47 2021                    ;
; Revision Name             ; Conv                                                 ;
; Top-level Entity Name     ; Conv                                                 ;
; Family                    ; Arria II GX                                          ;
; Simulation Files Creation ; Failed                                               ;
; Flow Status               ; EDA Netlist Writer Failed - Sun Nov 14 12:15:20 2021 ;
; Quartus II Version        ; 9.1 Build 350 03/24/2010 SP 2 SJ Web Edition         ;
+---------------------------+------------------------------------------------------+


----------------
; Legal Notice ;
----------------
Copyright (C) 1991-2010 Altera Corporation
Your use of Altera Corporation's design tools, logic functions 
and other software and tools, and its AMPP partner logic 
functions, and any output files from any of the foregoing 
(including device programming or simulation files), and any 
associated documentation or information are expressly subject 
to the terms and conditions of the Altera Program License 
Subscription Agreement, Altera MegaCore Function License 
Agreement, or other applicable license agreement, including, 
without limitation, that your use is for the sole purpose of 
programming logic devices manufactured by Altera and sold by 
Altera or its authorized distributors.  Please refer to the 
applicable agreement for further details.



+------------------------------------------------------------------------------------------+
; Flow Summary                                                                             ;
+-----------------------------------+------------------------------------------------------+
; Flow Status                       ; EDA Netlist Writer Failed - Sun Nov 14 12:12:47 2021 ;
; Quartus II Version                ; 9.1 Build 350 03/24/2010 SP 2 SJ Web Edition         ;
; Revision Name                     ; Conv                                                 ;
; Top-level Entity Name             ; Conv                                                 ;
; Family                            ; Arria II GX                                          ;
; Met timing requirements           ; N/A                                                  ;
; Logic utilization                 ; N/A                                                  ;
;     Combinational ALUTs           ; 0                                                    ;
;     Memory ALUTs                  ; 0                                                    ;
;     Dedicated logic registers     ; 0                                                    ;
; Total registers                   ; 0                                                    ;
; Total pins                        ; 8                                                    ;
; Total virtual pins                ; 0                                                    ;
; Total block memory bits           ; 0                                                    ;
; DSP block 18-bit elements         ; 0                                                    ;
; Total GXB Receiver Channel PCS    ; 0                                                    ;
; Total GXB Receiver Channel PMA    ; 0                                                    ;
; Total GXB Transmitter Channel PCS ; 0                                                    ;
; Total GXB Transmitter Channel PMA ; 0                                                    ;
; Total PLLs                        ; 0                                                    ;
; Total DLLs                        ; 0                                                    ;
+-----------------------------------+------------------------------------------------------+


+-----------------------------------------+
; Flow Settings                           ;
+-------------------+---------------------+
; Option            ; Setting             ;
+-------------------+---------------------+
; Start date & time ; 11/14/2021 12:12:40 ;
; Main task         ; Compilation         ;
; Revision Name     ; Conv                ;
+-------------------+---------------------+


+------------------------------------------------------------------------------------------------------------------------------------------------------------------+
; Flow Non-Default Global Settings                                                                                                                                 ;
+--------------------------------------------------------------+---------------------------------+---------------+-------------+-----------------------------------+
; Assignment Name                                              ; Value                           ; Default Value ; Entity Name ; Section Id                        ;
+--------------------------------------------------------------+---------------------------------+---------------+-------------+-----------------------------------+
; COMPILER_SIGNATURE_ID                                        ; 128534996847695.163690276004392 ; --            ; --          ; --                                ;
; EDA_FLATTEN_BUSES                                            ; On                              ; --            ; --          ; eda_simulation                    ;
; EDA_GENERATE_FUNCTIONAL_NETLIST                              ; Off                             ; --            ; --          ; eda_board_design_timing           ;
; EDA_GENERATE_FUNCTIONAL_NETLIST                              ; Off                             ; --            ; --          ; eda_board_design_symbol           ;
; EDA_GENERATE_FUNCTIONAL_NETLIST                              ; Off                             ; --            ; --          ; eda_board_design_signal_integrity ;
; EDA_GENERATE_FUNCTIONAL_NETLIST                              ; Off                             ; --            ; --          ; eda_board_design_boundary_scan    ;
; EDA_GENERATE_GATE_LEVEL_SIMULATION_COMMAND_SCRIPT            ; On                              ; --            ; --          ; eda_simulation                    ;
; EDA_GENERATE_RTL_SIMULATION_COMMAND_SCRIPT                   ; On                              ; --            ; --          ; eda_simulation                    ;
; EDA_MAINTAIN_DESIGN_HIERARCHY                                ; On                              ; --            ; --          ; eda_simulation                    ;
; EDA_NATIVELINK_GENERATE_SCRIPT_ONLY                          ; On                              ; --            ; --          ; eda_simulation                    ;
; EDA_OUTPUT_DATA_FORMAT                                       ; Vhdl                            ; --            ; --          ; eda_simulation                    ;
; EDA_RUN_TOOL_AUTOMATICALLY                                   ; Off                             ; --            ; --          ; eda_simulation                    ;
; EDA_SETUP_HOLD_DETECTION_INPUT_REGISTERS_BIDIR_PINS_DISABLED ; On                              ; --            ; --          ; eda_simulation                    ;
; EDA_SIMULATION_TOOL                                          ; ModelSim (VHDL)                 ; <None>        ; --          ; --                                ;
; EDA_TIME_SCALE                                               ; 1 ps                            ; --            ; --          ; eda_simulation                    ;
; EDA_TRUNCATE_LONG_HIERARCHY_PATHS                            ; On                              ; --            ; --          ; eda_simulation                    ;
; EDA_WRITER_DONT_WRITE_TOP_ENTITY                             ; On                              ; --            ; --          ; eda_simulation                    ;
; EDA_WRITE_DEVICE_CONTROL_PORTS                               ; On                              ; --            ; --          ; eda_simulation                    ;
; PARTITION_COLOR                                              ; 16764057                        ; --            ; --          ; Top                               ;
; PARTITION_FITTER_PRESERVATION_LEVEL                          ; PLACEMENT_AND_ROUTING           ; --            ; --          ; Top                               ;
; PARTITION_NETLIST_TYPE                                       ; SOURCE                          ; --            ; --          ; Top                               ;
; USE_GENERATED_PHYSICAL_CONSTRAINTS                           ; Off                             ; --            ; --          ; eda_blast_fpga                    ;
+--------------------------------------------------------------+---------------------------------+---------------+-------------+-----------------------------------+


+--------------------------------------------------------------------------------------------------------------------------+
; Flow Elapsed Time                                                                                                        ;
+----------------------+--------------+-------------------------+---------------------+------------------------------------+
; Module Name          ; Elapsed Time ; Average Processors Used ; Peak Virtual Memory ; Total CPU Time (on all processors) ;
+----------------------+--------------+-------------------------+---------------------+------------------------------------+
; Analysis & Synthesis ; 00:00:02     ; 1.0                     ; 249 MB              ; 00:00:02                           ;
; EDA Netlist Writer   ; 00:00:04     ; 1.0                     ; 214 MB              ; 00:00:07                           ;
; EDA Netlist Writer   ; 00:00:04     ; 1.0                     ; 214 MB              ; 00:00:06                           ;
; Total                ; 00:00:10     ; --                      ; --                  ; 00:00:15                           ;
+----------------------+--------------+-------------------------+---------------------+------------------------------------+


+---------------------------------------------------------------------------------------+
; Flow OS Summary                                                                       ;
+----------------------+------------------+---------------+------------+----------------+
; Module Name          ; Machine Hostname ; OS Name       ; OS Version ; Processor type ;
+----------------------+------------------+---------------+------------+----------------+
; Analysis & Synthesis ; DESKTOP-VPRB8OC  ; Windows Vista ; 6.2        ; x86_64         ;
; EDA Netlist Writer   ; DESKTOP-VPRB8OC  ; Windows Vista ; 6.2        ; x86_64         ;
; EDA Netlist Writer   ; DESKTOP-VPRB8OC  ; Windows Vista ; 6.2        ; x86_64         ;
+----------------------+------------------+---------------+------------+----------------+


------------
; Flow Log ;
------------
quartus_map --read_settings_files=on --write_settings_files=off Conv -c Conv
quartus_eda --read_settings_files=on --write_settings_files=off Conv -c Conv
quartus_eda --read_settings_files=on --write_settings_files=off Conv -c Conv



